<beans xmlns="http://www.springframework.org/schema/beans"
       xmlns:context="http://www.springframework.org/schema/context"
       xmlns:mvc="http://www.springframework.org/schema/mvc" xmlns:xsi="http://www.w3.org/2001/XMLSchema-instance"
       xsi:schemaLocation="
		http://www.springframework.org/schema/mvc 
		http://www.springframework.org/schema/mvc/spring-mvc-3.0.xsd	
        http://www.springframework.org/schema/beans     
        http://www.springframework.org/schema/beans/spring-beans-3.0.xsd
        http://www.springframework.org/schema/context 
        http://www.springframework.org/schema/context/spring-context-3.0.xsd">
    <context:property-placeholder location="classpath:test-persistence.properties" order="0"/>
    <import resource="context.xml"/>
    <context:component-scan base-package="ua.com.itinterview.web.resource"/>
    <mvc:annotation-driven/>
    <bean id="liquiBaseInitializer" class="ua.com.itinterview.utils.LiquiBaseInitializer"
          init-method="insertInitialDatabase">
        <property name="dataSource" ref="dataSource"/>
        <property name="dbSchema" value="${database.schemaNames}"/>
    </bean>
    <bean id="dbUnitutils" class="ua.com.itinterview.utils.DbUnitUtil" init-method="exportTestDtdSchema"/>
</beans>